<?xml version="1.0" encoding="UTF-8"?>
<testng-results skipped="0" failed="0" ignored="0" total="2" passed="2">
  <reporter-output>
  </reporter-output>
  <suite name="Default suite" duration-ms="33343" started-at="2021-01-01T03:33:44Z" finished-at="2021-01-01T03:34:18Z">
    <groups>
    </groups>
    <test name="Default test" duration-ms="33343" started-at="2021-01-01T03:33:44Z" finished-at="2021-01-01T03:34:18Z">
      <class name="crmTestt.LoginnTestt">
        <test-method status="PASS" signature="readConfig()[pri:0, instance:crmTestt.LoginnTestt@17c386de]" name="readConfig" is-config="true" duration-ms="22" started-at="2021-01-01T03:33:44Z" finished-at="2021-01-01T03:33:44Z">
          <reporter-output>
          </reporter-output>
        </test-method> <!-- readConfig -->
        <test-method status="PASS" signature="init()[pri:0, instance:crmTestt.LoginnTestt@17c386de]" name="init" is-config="true" duration-ms="11951" started-at="2021-01-01T03:33:44Z" finished-at="2021-01-01T03:33:56Z">
          <reporter-output>
          </reporter-output>
        </test-method> <!-- init -->
        <test-method status="PASS" signature="loginTest()[pri:1, instance:crmTestt.LoginnTestt@17c386de]" name="loginTest" duration-ms="4257" started-at="2021-01-01T03:33:56Z" finished-at="2021-01-01T03:34:01Z">
          <reporter-output>
          </reporter-output>
        </test-method> <!-- loginTest -->
        <test-method status="PASS" signature="init()[pri:0, instance:crmTestt.LoginnTestt@17c386de]" name="init" is-config="true" duration-ms="10858" started-at="2021-01-01T03:34:01Z" finished-at="2021-01-01T03:34:11Z">
          <reporter-output>
          </reporter-output>
        </test-method> <!-- init -->
        <test-method status="PASS" signature="addCustomerTest()[pri:2, instance:crmTestt.LoginnTestt@17c386de]" name="addCustomerTest" duration-ms="6196" started-at="2021-01-01T03:34:11Z" finished-at="2021-01-01T03:34:18Z">
          <reporter-output>
          </reporter-output>
        </test-method> <!-- addCustomerTest -->
      </class> <!-- crmTestt.LoginnTestt -->
    </test> <!-- Default test -->
  </suite> <!-- Default suite -->
</testng-results>
